<?xml version="1.0" encoding="UTF-8"?>
<!-- Generated by org.testng.reporters.JUnitXMLReporter -->
<testsuite ignored="0" hostname="LAPTOP-8FRMBSEQ" failures="1" tests="4" name="this is for testing-01/09" time="4.007" errors="0" timestamp="11 Sep 2020 00:02:15 GMT">
  <testcase classname="Testcases.Testing" name="test2pass" time="0.03"/>
  <testcase classname="Testcases.Testing" name="test3fail" time="0.051">
    <failure type="java.lang.AssertionError" message="failed expected [raam] but found [ram]">
      <![CDATA[java.lang.AssertionError: failed expected [raam] but found [ram]
at Testcases.Testing.test3fail(Testing.java:24)
... Removed 30 stack frames]]>
    </failure>
  </testcase> <!-- test3fail -->
  <testcase classname="Testcases.Testing" name="testpass" time="0.012"/>
  <testcase classname="Testcases.Testing" name="test4skip" time="0.0">
    <skipped/>
  </testcase> <!-- test4skip -->
</testsuite> <!-- this is for testing-01/09 -->
