<html>
<head>
<title>TestNG:  Test-1</title>
<link href="../testng.css" rel="stylesheet" type="text/css" />
<link href="../my-testng.css" rel="stylesheet" type="text/css" />

<style type="text/css">
.log { display: none;} 
.stack-trace { display: none;} 
</style>
<script type="text/javascript">
<!--
function flip(e) {
  current = e.style.display;
  if (current == 'block') {
    e.style.display = 'none';
    return 0;
  }
  else {
    e.style.display = 'block';
    return 1;
  }
}

function toggleBox(szDivId, elem, msg1, msg2)
{
  var res = -1;  if (document.getElementById) {
    res = flip(document.getElementById(szDivId));
  }
  else if (document.all) {
    // this is the way old msie versions work
    res = flip(document.all[szDivId]);
  }
  if(elem) {
    if(res == 0) elem.innerHTML = msg1; else elem.innerHTML = msg2;
  }

}

function toggleAllBoxes() {
  if (document.getElementsByTagName) {
    d = document.getElementsByTagName('div');
    for (i = 0; i < d.length; i++) {
      if (d[i].className == 'log') {
        flip(d[i]);
      }
    }
  }
}

// -->
</script>

</head>
<body>
<h2 align='center'>Test-1</h2><table border='1' align="center">
<tr>
<td>Tests passed/Failed/Skipped:</td><td>9/0/0</td>
</tr><tr>
<td>Started on:</td><td>Sat Aug 22 22:40:03 MDT 2020</td>
</tr>
<tr><td>Total time:</td><td>286 seconds (286855 ms)</td>
</tr><tr>
<td>Included groups:</td><td></td>
</tr><tr>
<td>Excluded groups:</td><td></td>
</tr>
</table><p/>
<small><i>(Hover the method name to see the test class name)</i></small><p/>
<table width='100%' border='1' class='invocation-failed'>
<tr><td colspan='4' align='center'><b>FAILED CONFIGURATIONS</b></td></tr>
<tr><td><b>Test method</b></td>
<td width="30%"><b>Exception</b></td>
<td width="10%"><b>Time (seconds)</b></td>
<td><b>Instance</b></td>
</tr>
<tr>
<td title='Testcases.HomePage_Testcases.teardown()'><b>teardown</b><br>Test class: Testcases.HomePage_Testcases</td>
<td><div><pre>org.apache.commons.mail.EmailException: Cannot attach file &quot;test-output\emailable-report.html&quot;
	at org.apache.commons.mail.MultiPartEmail.attach(MultiPartEmail.java:333)
	at Utilities.EmailUtil.sendemail(EmailUtil.java:39)
	at Testcases.BaseClass.teardown(BaseClass.java:69)
Caused by: java.io.IOException: &quot;test-output\emailable-report.html&quot; does not exist
	at org.apache.commons.mail.MultiPartEmail.attach(MultiPartEmail.java:322)
	... 28 more
... Removed 26 stack frames</pre></div><a href='#' onClick='toggleBox("stack-trace1531409183", this, "Click to show all stack frames", "Click to hide stack frames")'>Click to show all stack frames</a>
<div class='stack-trace' id='stack-trace1531409183'><pre>org.apache.commons.mail.EmailException: Cannot attach file &quot;test-output\emailable-report.html&quot;
	at org.apache.commons.mail.MultiPartEmail.attach(MultiPartEmail.java:333)
	at Utilities.EmailUtil.sendemail(EmailUtil.java:39)
	at Testcases.BaseClass.teardown(BaseClass.java:69)
	at java.base/jdk.internal.reflect.NativeMethodAccessorImpl.invoke0(Native Method)
	at java.base/jdk.internal.reflect.NativeMethodAccessorImpl.invoke(NativeMethodAccessorImpl.java:62)
	at java.base/jdk.internal.reflect.DelegatingMethodAccessorImpl.invoke(DelegatingMethodAccessorImpl.java:43)
	at java.base/java.lang.reflect.Method.invoke(Method.java:566)
	at org.testng.internal.MethodInvocationHelper.invokeMethod(MethodInvocationHelper.java:124)
	at org.testng.internal.MethodInvocationHelper.invokeMethodConsideringTimeout(MethodInvocationHelper.java:59)
	at org.testng.internal.Invoker.invokeConfigurationMethod(Invoker.java:458)
	at org.testng.internal.Invoker.invokeConfigurations(Invoker.java:222)
	at org.testng.internal.Invoker.invokeConfigurations(Invoker.java:142)
	at org.testng.internal.TestMethodWorker.invokeAfterClassMethods(TestMethodWorker.java:214)
	at org.testng.internal.TestMethodWorker.run(TestMethodWorker.java:111)
	at org.testng.TestRunner.privateRun(TestRunner.java:648)
	at org.testng.TestRunner.run(TestRunner.java:505)
	at org.testng.SuiteRunner.runTest(SuiteRunner.java:455)
	at org.testng.SuiteRunner.runSequentially(SuiteRunner.java:450)
	at org.testng.SuiteRunner.privateRun(SuiteRunner.java:415)
	at org.testng.SuiteRunner.run(SuiteRunner.java:364)
	at org.testng.SuiteRunnerWorker.runSuite(SuiteRunnerWorker.java:52)
	at org.testng.SuiteRunnerWorker.run(SuiteRunnerWorker.java:84)
	at org.testng.TestNG.runSuitesSequentially(TestNG.java:1208)
	at org.testng.TestNG.runSuitesLocally(TestNG.java:1137)
	at org.testng.TestNG.runSuites(TestNG.java:1049)
	at org.testng.TestNG.run(TestNG.java:1017)
	at org.testng.remote.AbstractRemoteTestNG.run(AbstractRemoteTestNG.java:115)
	at org.testng.remote.RemoteTestNG.initAndRun(RemoteTestNG.java:251)
	at org.testng.remote.RemoteTestNG.main(RemoteTestNG.java:77)
Caused by: java.io.IOException: &quot;test-output\emailable-report.html&quot; does not exist
	at org.apache.commons.mail.MultiPartEmail.attach(MultiPartEmail.java:322)
	... 28 more
</pre></div></td>
<td>0</td>
<td>Testcases.HomePage_Testcases@729d991e</td></tr>
</table><p>
<table width='100%' border='1' class='invocation-passed'>
<tr><td colspan='4' align='center'><b>PASSED TESTS</b></td></tr>
<tr><td><b>Test method</b></td>
<td width="30%"><b>Exception</b></td>
<td width="10%"><b>Time (seconds)</b></td>
<td><b>Instance</b></td>
</tr>
<tr>
<td title='Testcases.Login_TestCases.loginVerified()'><b>loginVerified</b><br>Test class: Testcases.Login_TestCases<br>Parameters: kapoor.nikita5455@gmail.com, , invalid</td>
<td></td>
<td>12</td>
<td>Testcases.Login_TestCases@3e11f9e9</td></tr>
<tr>
<td title='Testcases.Login_TestCases.loginVerified()'><b>loginVerified</b><br>Test class: Testcases.Login_TestCases<br>Parameters: , angel12345, invalid</td>
<td></td>
<td>10</td>
<td>Testcases.Login_TestCases@3e11f9e9</td></tr>
<tr>
<td title='Testcases.Login_TestCases.loginVerified()'><b>loginVerified</b><br>Test class: Testcases.Login_TestCases<br>Parameters: kapoor.nikita5455@gmail.com, invalidpassword, invalid</td>
<td></td>
<td>13</td>
<td>Testcases.Login_TestCases@3e11f9e9</td></tr>
<tr>
<td title='Testcases.Login_TestCases.loginVerified()'><b>loginVerified</b><br>Test class: Testcases.Login_TestCases<br>Parameters: kapoor.nikita5455@gmail.com, password@12345, valid</td>
<td></td>
<td>11</td>
<td>Testcases.Login_TestCases@3e11f9e9</td></tr>
<tr>
<td title='Testcases.Registration_testcase.registration()'><b>registration</b><br>Test class: Testcases.Registration_testcase<br>Parameters: HiHY@gmail.com, password, password, nik, kapoor, co, 80231, all fiels are filled</td>
<td></td>
<td>18</td>
<td>Testcases.Registration_testcase@1de5f259</td></tr>
<tr>
<td title='Testcases.Registration_testcase.registration()'><b>registration</b><br>Test class: Testcases.Registration_testcase<br>Parameters: HiHY@gmail.com, password, password, nik, kapoor, co, 80231, refferal option is not selected</td>
<td></td>
<td>11</td>
<td>Testcases.Registration_testcase@1de5f259</td></tr>
<tr>
<td title='Testcases.Registration_testcase.registration()'><b>registration</b><br>Test class: Testcases.Registration_testcase<br>Parameters: , password, password, nik, kapoor, co, 80231, empty mail id</td>
<td></td>
<td>16</td>
<td>Testcases.Registration_testcase@1de5f259</td></tr>
<tr>
<td title='Testcases.Registration_testcase.registration()'><b>registration</b><br>Test class: Testcases.Registration_testcase<br>Parameters: RtCc@gmail.com, password, password, , , , , empty firstname,lastname,state</td>
<td></td>
<td>16</td>
<td>Testcases.Registration_testcase@1de5f259</td></tr>
<tr>
<td title='Testcases.HomePage_Testcases.verifyhomepagetitle()'><b>verifyhomepagetitle</b><br>Test class: Testcases.HomePage_Testcases</td>
<td></td>
<td>0</td>
<td>Testcases.HomePage_Testcases@729d991e</td></tr>
</table><p>
</body>
</html>